<?xml version="1.0" encoding="UTF-8"?>
<testsuite name="PhoneBookTest" tests="1" skipped="0" failures="0" errors="0" timestamp="2021-09-28T20:36:10" hostname="ahmed-elsawy" time="104.179">
  <properties/>
  <testcase name="start" classname="PhoneBookTest" time="104.179"/>
  <system-out><![CDATA[?[1;31m
Start test 1?[0m
Start searching...
Found 500 / 500 entries. Time taken: 00 min. 50 sec. 094 ms.
?[1;31m
Start test 2?[0m
Start searching...
Found 500 / 500 entries. Time taken: 00 min. 50 sec. 084 ms.
]]></system-out>
  <system-err><![CDATA[]]></system-err>
</testsuite>
